

Microchip MPLAB XC8 Assembler V2.45 build 20230818022343 
                                                                                               Wed Oct 18 15:07:49 2023

Microchip MPLAB XC8 C Compiler v2.45 (Free license) build 20230818022343 Og1 
     1                           	processor	16F628A
     2                           	pagewidth 120
     3                           	opt	flic
     4                           	psect	cinit,global,class=CODE,merge=1,delta=2
     5                           	psect	cstackCOMMON,global,class=COMMON,space=1,delta=1,noexec
     6                           	psect	maintext,global,class=CODE,split=1,delta=2
     7                           	psect	config,global,abs,ovrld,class=CONFIG,space=4,delta=2,noexec
     8                           	dabs	1,0x7E,2
     9     0000                     
    10                           ; Generated 22/03/2023 GMT
    11                           ; 
    12                           ; Copyright © 2023, Microchip Technology Inc. and its subsidiaries ("Microchip")
    13                           ; All rights reserved.
    14                           ; 
    15                           ; This software is developed by Microchip Technology Inc. and its subsidiaries ("Microch
      +                          ip").
    16                           ; 
    17                           ; Redistribution and use in source and binary forms, with or without modification, are
    18                           ; permitted provided that the following conditions are met:
    19                           ; 
    20                           ;     1. Redistributions of source code must retain the above copyright notice, this lis
      +                          t of
    21                           ;        conditions and the following disclaimer.
    22                           ; 
    23                           ;     2. Redistributions in binary form must reproduce the above copyright notice, this 
      +                          list
    24                           ;        of conditions and the following disclaimer in the documentation and/or other
    25                           ;        materials provided with the distribution. Publication is not required when
    26                           ;        this file is used in an embedded application.
    27                           ; 
    28                           ;     3. Microchip's name may not be used to endorse or promote products derived from th
      +                          is
    29                           ;        software without specific prior written permission.
    30                           ; 
    31                           ; THIS SOFTWARE IS PROVIDED BY MICROCHIP "AS IS" AND ANY EXPRESS OR IMPLIED WARRANTIES,
    32                           ; INCLUDING, BUT NOT LIMITED TO, THE IMPLIED WARRANTIES OF MERCHANTABILITY AND FITNESS F
      +                          OR
    33                           ; PURPOSE ARE DISCLAIMED.  IN NO EVENT SHALL MICROCHIP BE LIABLE FOR ANY DIRECT, INDIREC
      +                          T,
    34                           ; INCIDENTAL, SPECIAL, EXEMPLARY, OR CONSEQUENTIAL DAMAGES (INCLUDING BUT NOT LIMITED TO
    35                           ; PROCUREMENT OF SUBSTITUTE GOODS OR SERVICES; LOSS OF USE, DATA OR PROFITS; OR BUSINESS
    36                           ; INTERRUPTION) HOWSOEVER CAUSED AND ON ANY THEORY OF LIABILITY, WHETHER IN CONTRACT, ST
      +                          RICT
    37                           ; LIABILITY, OR TORT (INCLUDING NEGLIGENCE OR OTHERWISE) ARISING IN ANY WAY OUT OF THE U
      +                          SE OF
    38                           ; THIS SOFTWARE, EVEN IF ADVISED OF THE POSSIBILITY OF SUCH DAMAGE.
    39                           ; 
    40                           ; 
    41                           ; Code-generator required, PIC16F628A Definitions
    42                           ; 
    43                           ; SFR Addresses
    44     0000                     	;# 
    45     0001                     	;# 
    46     0002                     	;# 
    47     0003                     	;# 
    48     0004                     	;# 
    49     0005                     	;# 
    50     0006                     	;# 
    51     000A                     	;# 
    52     000B                     	;# 
    53     000C                     	;# 
    54     000E                     	;# 
    55     000E                     	;# 
    56     000F                     	;# 
    57     0010                     	;# 
    58     0011                     	;# 
    59     0012                     	;# 
    60     0015                     	;# 
    61     0015                     	;# 
    62     0016                     	;# 
    63     0017                     	;# 
    64     0018                     	;# 
    65     0019                     	;# 
    66     001A                     	;# 
    67     001F                     	;# 
    68     0081                     	;# 
    69     0085                     	;# 
    70     0086                     	;# 
    71     008C                     	;# 
    72     008E                     	;# 
    73     0092                     	;# 
    74     0098                     	;# 
    75     0099                     	;# 
    76     009A                     	;# 
    77     009B                     	;# 
    78     009C                     	;# 
    79     009D                     	;# 
    80     009F                     	;# 
    81     0000                     	;# 
    82     0001                     	;# 
    83     0002                     	;# 
    84     0003                     	;# 
    85     0004                     	;# 
    86     0005                     	;# 
    87     0006                     	;# 
    88     000A                     	;# 
    89     000B                     	;# 
    90     000C                     	;# 
    91     000E                     	;# 
    92     000E                     	;# 
    93     000F                     	;# 
    94     0010                     	;# 
    95     0011                     	;# 
    96     0012                     	;# 
    97     0015                     	;# 
    98     0015                     	;# 
    99     0016                     	;# 
   100     0017                     	;# 
   101     0018                     	;# 
   102     0019                     	;# 
   103     001A                     	;# 
   104     001F                     	;# 
   105     0081                     	;# 
   106     0085                     	;# 
   107     0086                     	;# 
   108     008C                     	;# 
   109     008E                     	;# 
   110     0092                     	;# 
   111     0098                     	;# 
   112     0099                     	;# 
   113     009A                     	;# 
   114     009B                     	;# 
   115     009C                     	;# 
   116     009D                     	;# 
   117     009F                     	;# 
   118     0006                     _PORTB	set	6
   119     0086                     _TRISB	set	134
   120                           
   121                           	psect	cinit
   122     07FE                     start_initialization:	
   123                           ; #config settings
   124                           
   125     07FE                     __initialization:
   126     07FE                     end_of_initialization:	
   127                           ;End of C runtime variable initialization code
   128                           
   129     07FE                     __end_of__initialization:
   130     07FE  0183               	clrf	3
   131     07FF  2FF6               	ljmp	_main	;jump to C main() function
   132                           
   133                           	psect	cstackCOMMON
   134     0000                     __pcstackCOMMON:
   135     0000                     ?_main:
   136     0000                     ??_main:	
   137                           ; 1 bytes @ 0x0
   138                           
   139                           
   140                           	psect	maintext
   141     07F6                     __pmaintext:	
   142                           ; 1 bytes @ 0x0
   143 ;;
   144 ;;Main: autosize = 0, tempsize = 0, incstack = 0, save=0
   145 ;;
   146 ;; *************** function _main *****************
   147 ;; Defined at:
   148 ;;		line 21 in file "main.c"
   149 ;; Parameters:    Size  Location     Type
   150 ;;		None
   151 ;; Auto vars:     Size  Location     Type
   152 ;;		None
   153 ;; Return value:  Size  Location     Type
   154 ;;                  1    wreg      void 
   155 ;; Registers used:
   156 ;;		wreg, status,2
   157 ;; Tracked objects:
   158 ;;		On entry : B00/0
   159 ;;		On exit  : 0/0
   160 ;;		Unchanged: 0/0
   161 ;; Data sizes:     COMMON   BANK0   BANK1   BANK2
   162 ;;      Params:         0       0       0       0
   163 ;;      Locals:         0       0       0       0
   164 ;;      Temps:          0       0       0       0
   165 ;;      Totals:         0       0       0       0
   166 ;;Total ram usage:        0 bytes
   167 ;; This function calls:
   168 ;;		Nothing
   169 ;; This function is called by:
   170 ;;		Startup code after reset
   171 ;; This function uses a non-reentrant model
   172 ;;
   173                           
   174     07F6                     _main:	
   175                           ;psect for function _main
   176                           
   177     07F6                     l553:	
   178                           ;incstack = 0
   179                           ; Regs used in _main: [wreg+status,2]
   180                           
   181                           
   182                           ;main.c: 22:     TRISB = 0x00;
   183     07F6  1683               	bsf	3,5	;RP0=1, select bank1
   184     07F7  1303               	bcf	3,6	;RP1=0, select bank1
   185     07F8  0186               	clrf	6	;volatile
   186     07F9                     l555:
   187                           
   188                           ;main.c: 23:     PORTB = 0x01;
   189     07F9  3001               	movlw	1
   190     07FA  1283               	bcf	3,5	;RP0=0, select bank0
   191     07FB  1303               	bcf	3,6	;RP1=0, select bank0
   192     07FC  0086               	movwf	6	;volatile
   193     07FD                     l9:
   194     07FD  2800               	ljmp	start
   195     07FE                     __end_of_main:
   196     007E                     btemp	set	126	;btemp
   197     007E                     wtemp0	set	126
   198                           
   199                           	psect	config
   200                           
   201                           ;Config register CONFIG @ 0x2007
   202                           ;	Oscillator Selection bits
   203                           ;	FOSC = HS, HS oscillator: High-speed crystal/resonator on RA6/OSC2/CLKOUT and RA7/OSC1
      +                          /CLKIN
   204                           ;	Watchdog Timer Enable bit
   205                           ;	WDTE = OFF, WDT disabled
   206                           ;	Power-up Timer Enable bit
   207                           ;	PWRTE = ON, PWRT enabled
   208                           ;	RA5/MCLR/VPP Pin Function Select bit
   209                           ;	MCLRE = ON, RA5/MCLR/VPP pin function is MCLR
   210                           ;	Brown-out Detect Enable bit
   211                           ;	BOREN = ON, BOD enabled
   212                           ;	Low-Voltage Programming Enable bit
   213                           ;	LVP = OFF, RB4/PGM pin has digital I/O function, HV on MCLR must be used for programmi
      +                          ng
   214                           ;	Data EE Memory Code Protection bit
   215                           ;	CPD = OFF, Data memory code protection off
   216                           ;	Flash Program Memory Code Protection bit
   217                           ;	CP = OFF, Code protection off
   218     2007                     	org	8199
   219     2007  3F62               	dw	16226

Data Sizes:
    Strings     0
    Constant    0
    Data        0
    BSS         0
    Persistent  0
    Stack       0

Auto Spaces:
    Space          Size  Autos    Used
    COMMON           14      0       0
    BANK0            80      0       0
    BANK1            80      0       0
    BANK2            48      0       0

Pointer List with Targets:

    None.

Critical Paths under _main in COMMON

    None.

Critical Paths under _main in BANK0

    None.

Critical Paths under _main in BANK1

    None.

Critical Paths under _main in BANK2

    None.

Call Graph Tables:

 ---------------------------------------------------------------------------------
 (Depth) Function   	        Calls       Base Space   Used Autos Params    Refs
 ---------------------------------------------------------------------------------
 (0) _main                                                 0     0      0       0
 ---------------------------------------------------------------------------------
 Estimated maximum stack depth 0
 ---------------------------------------------------------------------------------

 Call Graph Graphs:

 _main (ROOT)

 Address spaces:
Name               Size   Autos  Total    Cost      Usage
BITCOMMON            E      0       0       0        0.0%
EEDATA              80      0       0       0        0.0%
NULL                 0      0       0       0        0.0%
CODE                 0      0       0       0        0.0%
COMMON               E      0       0       1        0.0%
BITSFR0              0      0       0       1        0.0%
SFR0                 0      0       0       1        0.0%
BITSFR1              0      0       0       2        0.0%
SFR1                 0      0       0       2        0.0%
STACK                0      0       0       2        0.0%
BANK0               50      0       0       3        0.0%
BITSFR3              0      0       0       4        0.0%
SFR3                 0      0       0       4        0.0%
ABS                  0      0       0       4        0.0%
BITBANK0            50      0       0       5        0.0%
BITSFR2              0      0       0       5        0.0%
SFR2                 0      0       0       5        0.0%
BITBANK1            50      0       0       6        0.0%
BANK1               50      0       0       7        0.0%
BITBANK2            30      0       0       8        0.0%
BANK2               30      0       0       9        0.0%
DATA                 0      0       0      10        0.0%


Microchip Technology PIC Macro Assembler V2.45 build 20230818022343 
Symbol Table                                                                                   Wed Oct 18 15:07:49 2023

                      l9 07FD                      l553 07F6                      l555 07F9  
                   _main 07F6                     btemp 007E                     start 0000  
                  ?_main 0000                    _PORTB 0006                    _TRISB 0086  
                  status 0003                    wtemp0 007E          __initialization 07FE  
           __end_of_main 07FE                   ??_main 0000  __end_of__initialization 07FE  
         __pcstackCOMMON 0000               __pmaintext 07F6     end_of_initialization 07FE  
    start_initialization 07FE                ___latbits 0000  
